26-Oct-2023 15:44:14.685 INFO [main] org.apache.catalina.startup.VersionLoggerListener.log Server version name:   Apache Tomcat/8.5.91
26-Oct-2023 15:44:14.688 INFO [main] org.apache.catalina.startup.VersionLoggerListener.log Server built:          Jul 6 2023 14:43:48 UTC
26-Oct-2023 15:44:14.688 INFO [main] org.apache.catalina.startup.VersionLoggerListener.log Server version number: 8.5.91.0
26-Oct-2023 15:44:14.688 INFO [main] org.apache.catalina.startup.VersionLoggerListener.log OS Name:               Windows 11
26-Oct-2023 15:44:14.688 INFO [main] org.apache.catalina.startup.VersionLoggerListener.log OS Version:            10.0
26-Oct-2023 15:44:14.688 INFO [main] org.apache.catalina.startup.VersionLoggerListener.log Architecture:          amd64
26-Oct-2023 15:44:14.688 INFO [main] org.apache.catalina.startup.VersionLoggerListener.log Java Home:             C:\Program Files\Java\graalvm-jdk-17.0.8+9.1
26-Oct-2023 15:44:14.688 INFO [main] org.apache.catalina.startup.VersionLoggerListener.log JVM Version:           17.0.8+9-LTS-jvmci-23.0-b14
26-Oct-2023 15:44:14.689 INFO [main] org.apache.catalina.startup.VersionLoggerListener.log JVM Vendor:            Oracle Corporation
26-Oct-2023 15:44:14.689 INFO [main] org.apache.catalina.startup.VersionLoggerListener.log CATALINA_BASE:         C:\Users\zenbook-14x\Desktop\Backend\project-office-automation\apache-tomcat-8.5.91
26-Oct-2023 15:44:14.689 INFO [main] org.apache.catalina.startup.VersionLoggerListener.log CATALINA_HOME:         C:\Users\zenbook-14x\Desktop\Backend\project-office-automation\apache-tomcat-8.5.91
26-Oct-2023 15:44:14.689 INFO [main] org.apache.catalina.startup.VersionLoggerListener.log Command line argument: -XX:ThreadPriorityPolicy=1
26-Oct-2023 15:44:14.689 INFO [main] org.apache.catalina.startup.VersionLoggerListener.log Command line argument: -XX:+UnlockExperimentalVMOptions
26-Oct-2023 15:44:14.689 INFO [main] org.apache.catalina.startup.VersionLoggerListener.log Command line argument: -XX:+EnableJVMCIProduct
26-Oct-2023 15:44:14.689 INFO [main] org.apache.catalina.startup.VersionLoggerListener.log Command line argument: -XX:-UnlockExperimentalVMOptions
26-Oct-2023 15:44:14.690 INFO [main] org.apache.catalina.startup.VersionLoggerListener.log Command line argument: --add-opens=java.base/java.lang=ALL-UNNAMED
26-Oct-2023 15:44:14.690 INFO [main] org.apache.catalina.startup.VersionLoggerListener.log Command line argument: --add-opens=java.base/java.io=ALL-UNNAMED
26-Oct-2023 15:44:14.690 INFO [main] org.apache.catalina.startup.VersionLoggerListener.log Command line argument: --add-opens=java.base/java.util=ALL-UNNAMED
26-Oct-2023 15:44:14.691 INFO [main] org.apache.catalina.startup.VersionLoggerListener.log Command line argument: --add-opens=java.base/java.util.concurrent=ALL-UNNAMED
26-Oct-2023 15:44:14.691 INFO [main] org.apache.catalina.startup.VersionLoggerListener.log Command line argument: --add-opens=java.rmi/sun.rmi.transport=ALL-UNNAMED
26-Oct-2023 15:44:14.691 INFO [main] org.apache.catalina.startup.VersionLoggerListener.log Command line argument: -Djava.util.logging.config.file=C:\Users\zenbook-14x\Desktop\Backend\project-office-automation\apache-tomcat-8.5.91\conf\logging.properties
26-Oct-2023 15:44:14.691 INFO [main] org.apache.catalina.startup.VersionLoggerListener.log Command line argument: -Djava.util.logging.manager=org.apache.juli.ClassLoaderLogManager
26-Oct-2023 15:44:14.692 INFO [main] org.apache.catalina.startup.VersionLoggerListener.log Command line argument: -Djdk.tls.ephemeralDHKeySize=2048
26-Oct-2023 15:44:14.692 INFO [main] org.apache.catalina.startup.VersionLoggerListener.log Command line argument: -Djava.protocol.handler.pkgs=org.apache.catalina.webresources
26-Oct-2023 15:44:14.692 INFO [main] org.apache.catalina.startup.VersionLoggerListener.log Command line argument: -Dignore.endorsed.dirs=
26-Oct-2023 15:44:14.692 INFO [main] org.apache.catalina.startup.VersionLoggerListener.log Command line argument: -Dcatalina.base=C:\Users\zenbook-14x\Desktop\Backend\project-office-automation\apache-tomcat-8.5.91
26-Oct-2023 15:44:14.692 INFO [main] org.apache.catalina.startup.VersionLoggerListener.log Command line argument: -Dcatalina.home=C:\Users\zenbook-14x\Desktop\Backend\project-office-automation\apache-tomcat-8.5.91
26-Oct-2023 15:44:14.692 INFO [main] org.apache.catalina.startup.VersionLoggerListener.log Command line argument: -Djava.io.tmpdir=C:\Users\zenbook-14x\Desktop\Backend\project-office-automation\apache-tomcat-8.5.91\temp
26-Oct-2023 15:44:14.692 INFO [main] org.apache.catalina.core.AprLifecycleListener.lifecycleEvent The Apache Tomcat Native library which allows using OpenSSL was not found on the java.library.path: [C:\Program Files\Java\graalvm-jdk-17.0.8+9.1\bin;C:\Windows\Sun\Java\bin;C:\Windows\system32;C:\Windows;C:\Program Files\Java\graalvm-jdk-17.0.8+9.1\bin;C:\Program Files (x86)\Common Files\Oracle\Java\javapath;C:\Windows\system32;C:\Windows;C:\Windows\System32\Wbem;C:\Windows\System32\WindowsPowerShell\v1.0\;C:\Windows\System32\OpenSSH\;C:\Program Files\Maven\apache-maven-3.8.8\bin;C:\Program Files\dotnet\;C:\Program Files (x86)\Windows Kits\10\Windows Performance Toolkit\;C:\Program Files\Microsoft Visual Studio\2022\Community\VC\Tools\MSVC\14.37.32822\bin\Hostx64\x64;C:\Program Files\PuTTY\;C:\Program Files\nodejs\;C:\Users\zenbook-14x\AppData\Local\Microsoft\WindowsApps;;C:\Users\zenbook-14x\AppData\Local\Programs\Microsoft VS Code\bin;C:\Users\zenbook-14x\.dotnet\tools;C:\Users\zenbook-14x\AppData\Roaming\npm;.]
26-Oct-2023 15:44:14.727 INFO [main] org.apache.coyote.AbstractProtocol.init Initializing ProtocolHandler ["http-nio-8080"]
26-Oct-2023 15:44:14.749 INFO [main] org.apache.catalina.startup.Catalina.load Initialization processed in 351 ms
26-Oct-2023 15:44:14.786 INFO [main] org.apache.catalina.core.StandardService.startInternal Starting service [Catalina]
26-Oct-2023 15:44:14.787 INFO [main] org.apache.catalina.core.StandardEngine.startInternal Starting Servlet engine: [Apache Tomcat/8.5.91]
26-Oct-2023 15:44:14.808 INFO [localhost-startStop-1] org.apache.catalina.startup.HostConfig.deployWAR Deploying web application archive [C:\Users\zenbook-14x\Desktop\Backend\project-office-automation\apache-tomcat-8.5.91\webapps\activiti-explorer.war]
26-Oct-2023 15:44:14.820 WARNING [localhost-startStop-1] org.apache.catalina.startup.SetContextPropertiesRule.begin [SetContextPropertiesRule]{Context} Setting property 'antiJARLocking' to 'true' did not find a matching property.
26-Oct-2023 15:44:17.507 INFO [localhost-startStop-1] org.apache.jasper.servlet.TldScanner.scanJars At least one JAR was scanned for TLDs yet contained no TLDs. Enable debug logging for this logger for a complete list of JARs that were scanned but no TLDs were found in them. Skipping unneeded JARs during scanning can improve startup time and JSP compilation time.
26-Oct-2023 15:44:21.256 SEVERE [localhost-startStop-1] org.apache.catalina.session.StandardManager.startInternal Exception loading sessions from persistent storage
	java.lang.ClassCastException: class java.lang.StackTraceElement cannot be cast to class java.io.ObjectStreamClass (java.lang.StackTraceElement and java.io.ObjectStreamClass are in module java.base of loader 'bootstrap')
		at java.base/java.io.ObjectInputStream.readClassDesc(ObjectInputStream.java:1911)
		at java.base/java.io.ObjectInputStream.readNonProxyDesc(ObjectInputStream.java:2062)
		at java.base/java.io.ObjectInputStream.readClassDesc(ObjectInputStream.java:1909)
		at java.base/java.io.ObjectInputStream.readOrdinaryObject(ObjectInputStream.java:2235)
		at java.base/java.io.ObjectInputStream.readObject0(ObjectInputStream.java:1744)
		at java.base/java.io.ObjectInputStream.readObject(ObjectInputStream.java:514)
		at java.base/java.io.ObjectInputStream.readObject(ObjectInputStream.java:472)
		at java.base/java.util.HashMap.readObject(HashMap.java:1552)
		at java.base/jdk.internal.reflect.GeneratedMethodAccessor209.invoke(Unknown Source)
		at java.base/jdk.internal.reflect.DelegatingMethodAccessorImpl.invoke(DelegatingMethodAccessorImpl.java:43)
		at java.base/java.lang.reflect.Method.invoke(Method.java:568)
		at java.base/java.io.ObjectStreamClass.invokeReadObject(ObjectStreamClass.java:1104)
		at java.base/java.io.ObjectInputStream.readSerialData(ObjectInputStream.java:2434)
		at java.base/java.io.ObjectInputStream.readOrdinaryObject(ObjectInputStream.java:2268)
		at java.base/java.io.ObjectInputStream.readObject0(ObjectInputStream.java:1744)
		at java.base/java.io.ObjectInputStream$FieldValues.<init>(ObjectInputStream.java:2617)
		at java.base/java.io.ObjectInputStream.readSerialData(ObjectInputStream.java:2468)
		at java.base/java.io.ObjectInputStream.readOrdinaryObject(ObjectInputStream.java:2268)
		at java.base/java.io.ObjectInputStream.readObject0(ObjectInputStream.java:1744)
		at java.base/java.io.ObjectInputStream$FieldValues.<init>(ObjectInputStream.java:2617)
		at java.base/java.io.ObjectInputStream.readSerialData(ObjectInputStream.java:2468)
		at java.base/java.io.ObjectInputStream.readOrdinaryObject(ObjectInputStream.java:2268)
		at java.base/java.io.ObjectInputStream.readObject0(ObjectInputStream.java:1744)
		at java.base/java.io.ObjectInputStream$FieldValues.<init>(ObjectInputStream.java:2617)
		at java.base/java.io.ObjectInputStream.readSerialData(ObjectInputStream.java:2468)
		at java.base/java.io.ObjectInputStream.readOrdinaryObject(ObjectInputStream.java:2268)
		at java.base/java.io.ObjectInputStream.readObject0(ObjectInputStream.java:1744)
		at java.base/java.io.ObjectInputStream$FieldValues.<init>(ObjectInputStream.java:2617)
		at java.base/java.io.ObjectInputStream.readSerialData(ObjectInputStream.java:2468)
		at java.base/java.io.ObjectInputStream.readOrdinaryObject(ObjectInputStream.java:2268)
		at java.base/java.io.ObjectInputStream.readObject0(ObjectInputStream.java:1744)
		at java.base/java.io.ObjectInputStream.readObject(ObjectInputStream.java:514)
		at java.base/java.io.ObjectInputStream.readObject(ObjectInputStream.java:472)
		at org.apache.catalina.session.StandardSession.doReadObject(StandardSession.java:1523)
		at org.apache.catalina.session.StandardSession.readObjectData(StandardSession.java:1003)
		at org.apache.catalina.session.StandardManager.doLoad(StandardManager.java:210)
		at org.apache.catalina.session.StandardManager.load(StandardManager.java:156)
		at org.apache.catalina.session.StandardManager.startInternal(StandardManager.java:346)
		at org.apache.catalina.util.LifecycleBase.start(LifecycleBase.java:183)
		at org.apache.catalina.core.StandardContext.startInternal(StandardContext.java:4952)
		at org.apache.catalina.util.LifecycleBase.start(LifecycleBase.java:183)
		at org.apache.catalina.core.ContainerBase.addChildInternal(ContainerBase.java:710)
		at org.apache.catalina.core.ContainerBase.addChild(ContainerBase.java:687)
		at org.apache.catalina.core.StandardHost.addChild(StandardHost.java:661)
		at org.apache.catalina.startup.HostConfig.deployWAR(HostConfig.java:1016)
		at org.apache.catalina.startup.HostConfig$DeployWar.run(HostConfig.java:1903)
		at java.base/java.util.concurrent.Executors$RunnableAdapter.call(Executors.java:539)
		at java.base/java.util.concurrent.FutureTask.run(FutureTask.java:264)
		at java.base/java.util.concurrent.ThreadPoolExecutor.runWorker(ThreadPoolExecutor.java:1136)
		at java.base/java.util.concurrent.ThreadPoolExecutor$Worker.run(ThreadPoolExecutor.java:635)
		at java.base/java.lang.Thread.run(Thread.java:833)
26-Oct-2023 15:44:22.100 INFO [localhost-startStop-1] org.apache.catalina.startup.HostConfig.deployWAR Deployment of web application archive [C:\Users\zenbook-14x\Desktop\Backend\project-office-automation\apache-tomcat-8.5.91\webapps\activiti-explorer.war] has finished in [7,289] ms
26-Oct-2023 15:44:22.101 INFO [localhost-startStop-1] org.apache.catalina.startup.HostConfig.deployDirectory Deploying web application directory [C:\Users\zenbook-14x\Desktop\Backend\project-office-automation\apache-tomcat-8.5.91\webapps\docs]
26-Oct-2023 15:44:22.139 INFO [localhost-startStop-1] org.apache.catalina.startup.HostConfig.deployDirectory Deployment of web application directory [C:\Users\zenbook-14x\Desktop\Backend\project-office-automation\apache-tomcat-8.5.91\webapps\docs] has finished in [37] ms
26-Oct-2023 15:44:22.139 INFO [localhost-startStop-1] org.apache.catalina.startup.HostConfig.deployDirectory Deploying web application directory [C:\Users\zenbook-14x\Desktop\Backend\project-office-automation\apache-tomcat-8.5.91\webapps\examples]
26-Oct-2023 15:44:22.411 INFO [localhost-startStop-1] org.apache.catalina.startup.HostConfig.deployDirectory Deployment of web application directory [C:\Users\zenbook-14x\Desktop\Backend\project-office-automation\apache-tomcat-8.5.91\webapps\examples] has finished in [272] ms
26-Oct-2023 15:44:22.412 INFO [localhost-startStop-1] org.apache.catalina.startup.HostConfig.deployDirectory Deploying web application directory [C:\Users\zenbook-14x\Desktop\Backend\project-office-automation\apache-tomcat-8.5.91\webapps\host-manager]
26-Oct-2023 15:44:22.437 INFO [localhost-startStop-1] org.apache.catalina.startup.HostConfig.deployDirectory Deployment of web application directory [C:\Users\zenbook-14x\Desktop\Backend\project-office-automation\apache-tomcat-8.5.91\webapps\host-manager] has finished in [25] ms
26-Oct-2023 15:44:22.438 INFO [localhost-startStop-1] org.apache.catalina.startup.HostConfig.deployDirectory Deploying web application directory [C:\Users\zenbook-14x\Desktop\Backend\project-office-automation\apache-tomcat-8.5.91\webapps\manager]
26-Oct-2023 15:44:22.467 INFO [localhost-startStop-1] org.apache.catalina.startup.HostConfig.deployDirectory Deployment of web application directory [C:\Users\zenbook-14x\Desktop\Backend\project-office-automation\apache-tomcat-8.5.91\webapps\manager] has finished in [29] ms
26-Oct-2023 15:44:22.468 INFO [localhost-startStop-1] org.apache.catalina.startup.HostConfig.deployDirectory Deploying web application directory [C:\Users\zenbook-14x\Desktop\Backend\project-office-automation\apache-tomcat-8.5.91\webapps\ROOT]
26-Oct-2023 15:44:22.487 INFO [localhost-startStop-1] org.apache.catalina.startup.HostConfig.deployDirectory Deployment of web application directory [C:\Users\zenbook-14x\Desktop\Backend\project-office-automation\apache-tomcat-8.5.91\webapps\ROOT] has finished in [19] ms
26-Oct-2023 15:44:22.489 INFO [main] org.apache.coyote.AbstractProtocol.start Starting ProtocolHandler ["http-nio-8080"]
26-Oct-2023 15:44:22.509 INFO [main] org.apache.catalina.startup.Catalina.start Server startup in 7759 ms
