19-Oct-2023 07:54:10.862 INFO [main] org.apache.catalina.startup.VersionLoggerListener.log Server version name:   Apache Tomcat/8.5.91
19-Oct-2023 07:54:10.865 INFO [main] org.apache.catalina.startup.VersionLoggerListener.log Server built:          Jul 6 2023 14:43:48 UTC
19-Oct-2023 07:54:10.865 INFO [main] org.apache.catalina.startup.VersionLoggerListener.log Server version number: 8.5.91.0
19-Oct-2023 07:54:10.865 INFO [main] org.apache.catalina.startup.VersionLoggerListener.log OS Name:               Windows 11
19-Oct-2023 07:54:10.865 INFO [main] org.apache.catalina.startup.VersionLoggerListener.log OS Version:            10.0
19-Oct-2023 07:54:10.865 INFO [main] org.apache.catalina.startup.VersionLoggerListener.log Architecture:          amd64
19-Oct-2023 07:54:10.865 INFO [main] org.apache.catalina.startup.VersionLoggerListener.log Java Home:             C:\Program Files\Java\graalvm-jdk-17.0.8+9.1
19-Oct-2023 07:54:10.865 INFO [main] org.apache.catalina.startup.VersionLoggerListener.log JVM Version:           17.0.8+9-LTS-jvmci-23.0-b14
19-Oct-2023 07:54:10.865 INFO [main] org.apache.catalina.startup.VersionLoggerListener.log JVM Vendor:            Oracle Corporation
19-Oct-2023 07:54:10.866 INFO [main] org.apache.catalina.startup.VersionLoggerListener.log CATALINA_BASE:         C:\Users\zenbook-14x\Desktop\Backend\project-office-automation\apache-tomcat-8.5.91
19-Oct-2023 07:54:10.866 INFO [main] org.apache.catalina.startup.VersionLoggerListener.log CATALINA_HOME:         C:\Users\zenbook-14x\Desktop\Backend\project-office-automation\apache-tomcat-8.5.91
19-Oct-2023 07:54:10.866 INFO [main] org.apache.catalina.startup.VersionLoggerListener.log Command line argument: -XX:ThreadPriorityPolicy=1
19-Oct-2023 07:54:10.866 INFO [main] org.apache.catalina.startup.VersionLoggerListener.log Command line argument: -XX:+UnlockExperimentalVMOptions
19-Oct-2023 07:54:10.866 INFO [main] org.apache.catalina.startup.VersionLoggerListener.log Command line argument: -XX:+EnableJVMCIProduct
19-Oct-2023 07:54:10.867 INFO [main] org.apache.catalina.startup.VersionLoggerListener.log Command line argument: -XX:-UnlockExperimentalVMOptions
19-Oct-2023 07:54:10.867 INFO [main] org.apache.catalina.startup.VersionLoggerListener.log Command line argument: --add-opens=java.base/java.lang=ALL-UNNAMED
19-Oct-2023 07:54:10.867 INFO [main] org.apache.catalina.startup.VersionLoggerListener.log Command line argument: --add-opens=java.base/java.io=ALL-UNNAMED
19-Oct-2023 07:54:10.867 INFO [main] org.apache.catalina.startup.VersionLoggerListener.log Command line argument: --add-opens=java.base/java.util=ALL-UNNAMED
19-Oct-2023 07:54:10.867 INFO [main] org.apache.catalina.startup.VersionLoggerListener.log Command line argument: --add-opens=java.base/java.util.concurrent=ALL-UNNAMED
19-Oct-2023 07:54:10.868 INFO [main] org.apache.catalina.startup.VersionLoggerListener.log Command line argument: --add-opens=java.rmi/sun.rmi.transport=ALL-UNNAMED
19-Oct-2023 07:54:10.868 INFO [main] org.apache.catalina.startup.VersionLoggerListener.log Command line argument: -Djava.util.logging.config.file=C:\Users\zenbook-14x\Desktop\Backend\project-office-automation\apache-tomcat-8.5.91\conf\logging.properties
19-Oct-2023 07:54:10.868 INFO [main] org.apache.catalina.startup.VersionLoggerListener.log Command line argument: -Djava.util.logging.manager=org.apache.juli.ClassLoaderLogManager
19-Oct-2023 07:54:10.868 INFO [main] org.apache.catalina.startup.VersionLoggerListener.log Command line argument: -Djdk.tls.ephemeralDHKeySize=2048
19-Oct-2023 07:54:10.868 INFO [main] org.apache.catalina.startup.VersionLoggerListener.log Command line argument: -Djava.protocol.handler.pkgs=org.apache.catalina.webresources
19-Oct-2023 07:54:10.868 INFO [main] org.apache.catalina.startup.VersionLoggerListener.log Command line argument: -Dignore.endorsed.dirs=
19-Oct-2023 07:54:10.868 INFO [main] org.apache.catalina.startup.VersionLoggerListener.log Command line argument: -Dcatalina.base=C:\Users\zenbook-14x\Desktop\Backend\project-office-automation\apache-tomcat-8.5.91
19-Oct-2023 07:54:10.869 INFO [main] org.apache.catalina.startup.VersionLoggerListener.log Command line argument: -Dcatalina.home=C:\Users\zenbook-14x\Desktop\Backend\project-office-automation\apache-tomcat-8.5.91
19-Oct-2023 07:54:10.869 INFO [main] org.apache.catalina.startup.VersionLoggerListener.log Command line argument: -Djava.io.tmpdir=C:\Users\zenbook-14x\Desktop\Backend\project-office-automation\apache-tomcat-8.5.91\temp
19-Oct-2023 07:54:10.869 INFO [main] org.apache.catalina.core.AprLifecycleListener.lifecycleEvent The Apache Tomcat Native library which allows using OpenSSL was not found on the java.library.path: [C:\Program Files\Java\graalvm-jdk-17.0.8+9.1\bin;C:\Windows\Sun\Java\bin;C:\Windows\system32;C:\Windows;C:\Program Files\Java\graalvm-jdk-17.0.8+9.1\bin;C:\Program Files (x86)\Common Files\Oracle\Java\javapath;C:\Windows\system32;C:\Windows;C:\Windows\System32\Wbem;C:\Windows\System32\WindowsPowerShell\v1.0\;C:\Windows\System32\OpenSSH\;C:\Program Files\Maven\apache-maven-3.8.8\bin;C:\Program Files\dotnet\;C:\Program Files (x86)\Windows Kits\10\Windows Performance Toolkit\;C:\Program Files\Microsoft Visual Studio\2022\Community\VC\Tools\MSVC\14.37.32822\bin\Hostx64\x64;C:\Program Files\PuTTY\;C:\Program Files\nodejs\;C:\Users\zenbook-14x\AppData\Local\Microsoft\WindowsApps;;C:\Users\zenbook-14x\AppData\Local\Programs\Microsoft VS Code\bin;C:\Users\zenbook-14x\.dotnet\tools;C:\Users\zenbook-14x\AppData\Roaming\npm;.]
19-Oct-2023 07:54:10.902 INFO [main] org.apache.coyote.AbstractProtocol.init Initializing ProtocolHandler ["http-nio-8080"]
19-Oct-2023 07:54:10.923 INFO [main] org.apache.catalina.startup.Catalina.load Initialization processed in 424 ms
19-Oct-2023 07:54:10.962 INFO [main] org.apache.catalina.core.StandardService.startInternal Starting service [Catalina]
19-Oct-2023 07:54:10.962 INFO [main] org.apache.catalina.core.StandardEngine.startInternal Starting Servlet engine: [Apache Tomcat/8.5.91]
19-Oct-2023 07:54:10.982 INFO [localhost-startStop-1] org.apache.catalina.startup.HostConfig.deployWAR Deploying web application archive [C:\Users\zenbook-14x\Desktop\Backend\project-office-automation\apache-tomcat-8.5.91\webapps\activiti-explorer.war]
19-Oct-2023 07:54:10.992 WARNING [localhost-startStop-1] org.apache.catalina.startup.SetContextPropertiesRule.begin [SetContextPropertiesRule]{Context} Setting property 'antiJARLocking' to 'true' did not find a matching property.
19-Oct-2023 07:54:13.666 INFO [localhost-startStop-1] org.apache.jasper.servlet.TldScanner.scanJars At least one JAR was scanned for TLDs yet contained no TLDs. Enable debug logging for this logger for a complete list of JARs that were scanned but no TLDs were found in them. Skipping unneeded JARs during scanning can improve startup time and JSP compilation time.
19-Oct-2023 07:54:17.638 INFO [localhost-startStop-1] org.apache.catalina.startup.HostConfig.deployWAR Deployment of web application archive [C:\Users\zenbook-14x\Desktop\Backend\project-office-automation\apache-tomcat-8.5.91\webapps\activiti-explorer.war] has finished in [6,654] ms
19-Oct-2023 07:54:17.640 INFO [localhost-startStop-1] org.apache.catalina.startup.HostConfig.deployDirectory Deploying web application directory [C:\Users\zenbook-14x\Desktop\Backend\project-office-automation\apache-tomcat-8.5.91\webapps\docs]
19-Oct-2023 07:54:17.676 INFO [localhost-startStop-1] org.apache.catalina.startup.HostConfig.deployDirectory Deployment of web application directory [C:\Users\zenbook-14x\Desktop\Backend\project-office-automation\apache-tomcat-8.5.91\webapps\docs] has finished in [35] ms
19-Oct-2023 07:54:17.676 INFO [localhost-startStop-1] org.apache.catalina.startup.HostConfig.deployDirectory Deploying web application directory [C:\Users\zenbook-14x\Desktop\Backend\project-office-automation\apache-tomcat-8.5.91\webapps\examples]
19-Oct-2023 07:54:18.054 INFO [localhost-startStop-1] org.apache.catalina.startup.HostConfig.deployDirectory Deployment of web application directory [C:\Users\zenbook-14x\Desktop\Backend\project-office-automation\apache-tomcat-8.5.91\webapps\examples] has finished in [377] ms
19-Oct-2023 07:54:18.054 INFO [localhost-startStop-1] org.apache.catalina.startup.HostConfig.deployDirectory Deploying web application directory [C:\Users\zenbook-14x\Desktop\Backend\project-office-automation\apache-tomcat-8.5.91\webapps\host-manager]
19-Oct-2023 07:54:18.077 INFO [localhost-startStop-1] org.apache.catalina.startup.HostConfig.deployDirectory Deployment of web application directory [C:\Users\zenbook-14x\Desktop\Backend\project-office-automation\apache-tomcat-8.5.91\webapps\host-manager] has finished in [23] ms
19-Oct-2023 07:54:18.077 INFO [localhost-startStop-1] org.apache.catalina.startup.HostConfig.deployDirectory Deploying web application directory [C:\Users\zenbook-14x\Desktop\Backend\project-office-automation\apache-tomcat-8.5.91\webapps\manager]
19-Oct-2023 07:54:18.103 INFO [localhost-startStop-1] org.apache.catalina.startup.HostConfig.deployDirectory Deployment of web application directory [C:\Users\zenbook-14x\Desktop\Backend\project-office-automation\apache-tomcat-8.5.91\webapps\manager] has finished in [26] ms
19-Oct-2023 07:54:18.103 INFO [localhost-startStop-1] org.apache.catalina.startup.HostConfig.deployDirectory Deploying web application directory [C:\Users\zenbook-14x\Desktop\Backend\project-office-automation\apache-tomcat-8.5.91\webapps\ROOT]
19-Oct-2023 07:54:18.118 INFO [localhost-startStop-1] org.apache.catalina.startup.HostConfig.deployDirectory Deployment of web application directory [C:\Users\zenbook-14x\Desktop\Backend\project-office-automation\apache-tomcat-8.5.91\webapps\ROOT] has finished in [15] ms
19-Oct-2023 07:54:18.120 INFO [main] org.apache.coyote.AbstractProtocol.start Starting ProtocolHandler ["http-nio-8080"]
19-Oct-2023 07:54:18.134 INFO [main] org.apache.catalina.startup.Catalina.start Server startup in 7211 ms
19-Oct-2023 16:15:07.210 INFO [Thread-411] org.apache.coyote.AbstractProtocol.pause Pausing ProtocolHandler ["http-nio-8080"]
19-Oct-2023 16:15:07.239 INFO [Thread-411] org.apache.catalina.core.StandardService.stopInternal Stopping service [Catalina]
19-Oct-2023 16:15:07.433 WARNING [localhost-startStop-2] org.apache.catalina.loader.WebappClassLoaderBase.clearReferencesJdbc The web application [activiti-explorer] registered the JDBC driver [org.h2.Driver] but failed to unregister it when the web application was stopped. To prevent a memory leak, the JDBC Driver has been forcibly unregistered.
19-Oct-2023 16:15:07.435 WARNING [localhost-startStop-2] org.apache.catalina.loader.WebappClassLoaderBase.clearReferencesThreads The web application [activiti-explorer] appears to have started a thread named [Batik CleanerThread] but has failed to stop it. This is very likely to create a memory leak. Stack trace of thread:
 java.base@17.0.8/java.lang.Object.wait(Native Method)
 java.base@17.0.8/java.lang.ref.ReferenceQueue.remove(ReferenceQueue.java:155)
 java.base@17.0.8/java.lang.ref.ReferenceQueue.remove(ReferenceQueue.java:176)
 org.apache.batik.util.CleanerThread.run(CleanerThread.java:106)
19-Oct-2023 16:15:07.436 WARNING [localhost-startStop-2] org.apache.catalina.loader.WebappClassLoaderBase.clearReferencesThreads The web application [activiti-explorer] appears to have started a thread named [H2 Close Delay ACTIVITI] but has failed to stop it. This is very likely to create a memory leak. Stack trace of thread:
 java.base@17.0.8/java.lang.Thread.sleep(Native Method)
 org.h2.engine.DatabaseCloser.run(DatabaseCloser.java:47)
19-Oct-2023 16:15:07.451 INFO [Thread-411] org.apache.coyote.AbstractProtocol.stop Stopping ProtocolHandler ["http-nio-8080"]
19-Oct-2023 16:15:07.483 INFO [Thread-411] org.apache.coyote.AbstractProtocol.destroy Destroying ProtocolHandler ["http-nio-8080"]
19-Oct-2023 16:15:21.952 INFO [main] org.apache.catalina.startup.VersionLoggerListener.log Server version name:   Apache Tomcat/8.5.91
19-Oct-2023 16:15:21.955 INFO [main] org.apache.catalina.startup.VersionLoggerListener.log Server built:          Jul 6 2023 14:43:48 UTC
19-Oct-2023 16:15:21.955 INFO [main] org.apache.catalina.startup.VersionLoggerListener.log Server version number: 8.5.91.0
19-Oct-2023 16:15:21.955 INFO [main] org.apache.catalina.startup.VersionLoggerListener.log OS Name:               Windows 11
19-Oct-2023 16:15:21.955 INFO [main] org.apache.catalina.startup.VersionLoggerListener.log OS Version:            10.0
19-Oct-2023 16:15:21.955 INFO [main] org.apache.catalina.startup.VersionLoggerListener.log Architecture:          amd64
19-Oct-2023 16:15:21.955 INFO [main] org.apache.catalina.startup.VersionLoggerListener.log Java Home:             C:\Program Files\Java\graalvm-jdk-17.0.8+9.1
19-Oct-2023 16:15:21.955 INFO [main] org.apache.catalina.startup.VersionLoggerListener.log JVM Version:           17.0.8+9-LTS-jvmci-23.0-b14
19-Oct-2023 16:15:21.956 INFO [main] org.apache.catalina.startup.VersionLoggerListener.log JVM Vendor:            Oracle Corporation
19-Oct-2023 16:15:21.956 INFO [main] org.apache.catalina.startup.VersionLoggerListener.log CATALINA_BASE:         C:\Users\zenbook-14x\Desktop\Backend\project-office-automation\apache-tomcat-8.5.91
19-Oct-2023 16:15:21.956 INFO [main] org.apache.catalina.startup.VersionLoggerListener.log CATALINA_HOME:         C:\Users\zenbook-14x\Desktop\Backend\project-office-automation\apache-tomcat-8.5.91
19-Oct-2023 16:15:21.957 INFO [main] org.apache.catalina.startup.VersionLoggerListener.log Command line argument: -XX:ThreadPriorityPolicy=1
19-Oct-2023 16:15:21.957 INFO [main] org.apache.catalina.startup.VersionLoggerListener.log Command line argument: -XX:+UnlockExperimentalVMOptions
19-Oct-2023 16:15:21.957 INFO [main] org.apache.catalina.startup.VersionLoggerListener.log Command line argument: -XX:+EnableJVMCIProduct
19-Oct-2023 16:15:21.957 INFO [main] org.apache.catalina.startup.VersionLoggerListener.log Command line argument: -XX:-UnlockExperimentalVMOptions
19-Oct-2023 16:15:21.958 INFO [main] org.apache.catalina.startup.VersionLoggerListener.log Command line argument: --add-opens=java.base/java.lang=ALL-UNNAMED
19-Oct-2023 16:15:21.958 INFO [main] org.apache.catalina.startup.VersionLoggerListener.log Command line argument: --add-opens=java.base/java.io=ALL-UNNAMED
19-Oct-2023 16:15:21.959 INFO [main] org.apache.catalina.startup.VersionLoggerListener.log Command line argument: --add-opens=java.base/java.util=ALL-UNNAMED
19-Oct-2023 16:15:21.959 INFO [main] org.apache.catalina.startup.VersionLoggerListener.log Command line argument: --add-opens=java.base/java.util.concurrent=ALL-UNNAMED
19-Oct-2023 16:15:21.959 INFO [main] org.apache.catalina.startup.VersionLoggerListener.log Command line argument: --add-opens=java.rmi/sun.rmi.transport=ALL-UNNAMED
19-Oct-2023 16:15:21.959 INFO [main] org.apache.catalina.startup.VersionLoggerListener.log Command line argument: -Djava.util.logging.config.file=C:\Users\zenbook-14x\Desktop\Backend\project-office-automation\apache-tomcat-8.5.91\conf\logging.properties
19-Oct-2023 16:15:21.959 INFO [main] org.apache.catalina.startup.VersionLoggerListener.log Command line argument: -Djava.util.logging.manager=org.apache.juli.ClassLoaderLogManager
19-Oct-2023 16:15:21.959 INFO [main] org.apache.catalina.startup.VersionLoggerListener.log Command line argument: -Djdk.tls.ephemeralDHKeySize=2048
19-Oct-2023 16:15:21.960 INFO [main] org.apache.catalina.startup.VersionLoggerListener.log Command line argument: -Djava.protocol.handler.pkgs=org.apache.catalina.webresources
19-Oct-2023 16:15:21.960 INFO [main] org.apache.catalina.startup.VersionLoggerListener.log Command line argument: -Dignore.endorsed.dirs=
19-Oct-2023 16:15:21.960 INFO [main] org.apache.catalina.startup.VersionLoggerListener.log Command line argument: -Dcatalina.base=C:\Users\zenbook-14x\Desktop\Backend\project-office-automation\apache-tomcat-8.5.91
19-Oct-2023 16:15:21.960 INFO [main] org.apache.catalina.startup.VersionLoggerListener.log Command line argument: -Dcatalina.home=C:\Users\zenbook-14x\Desktop\Backend\project-office-automation\apache-tomcat-8.5.91
19-Oct-2023 16:15:21.960 INFO [main] org.apache.catalina.startup.VersionLoggerListener.log Command line argument: -Djava.io.tmpdir=C:\Users\zenbook-14x\Desktop\Backend\project-office-automation\apache-tomcat-8.5.91\temp
19-Oct-2023 16:15:21.960 INFO [main] org.apache.catalina.core.AprLifecycleListener.lifecycleEvent The Apache Tomcat Native library which allows using OpenSSL was not found on the java.library.path: [C:\Program Files\Java\graalvm-jdk-17.0.8+9.1\bin;C:\Windows\Sun\Java\bin;C:\Windows\system32;C:\Windows;C:\Program Files\Java\graalvm-jdk-17.0.8+9.1\bin;C:\Program Files (x86)\Common Files\Oracle\Java\javapath;C:\Windows\system32;C:\Windows;C:\Windows\System32\Wbem;C:\Windows\System32\WindowsPowerShell\v1.0\;C:\Windows\System32\OpenSSH\;C:\Program Files\Maven\apache-maven-3.8.8\bin;C:\Program Files\dotnet\;C:\Program Files (x86)\Windows Kits\10\Windows Performance Toolkit\;C:\Program Files\Microsoft Visual Studio\2022\Community\VC\Tools\MSVC\14.37.32822\bin\Hostx64\x64;C:\Program Files\PuTTY\;C:\Program Files\nodejs\;C:\Users\zenbook-14x\AppData\Local\Microsoft\WindowsApps;;C:\Users\zenbook-14x\AppData\Local\Programs\Microsoft VS Code\bin;C:\Users\zenbook-14x\.dotnet\tools;C:\Users\zenbook-14x\AppData\Roaming\npm;.]
19-Oct-2023 16:15:21.993 INFO [main] org.apache.coyote.AbstractProtocol.init Initializing ProtocolHandler ["http-nio-8080"]
19-Oct-2023 16:15:22.016 INFO [main] org.apache.catalina.startup.Catalina.load Initialization processed in 355 ms
19-Oct-2023 16:15:22.054 INFO [main] org.apache.catalina.core.StandardService.startInternal Starting service [Catalina]
19-Oct-2023 16:15:22.055 INFO [main] org.apache.catalina.core.StandardEngine.startInternal Starting Servlet engine: [Apache Tomcat/8.5.91]
19-Oct-2023 16:15:22.074 INFO [localhost-startStop-1] org.apache.catalina.startup.HostConfig.deployWAR Deploying web application archive [C:\Users\zenbook-14x\Desktop\Backend\project-office-automation\apache-tomcat-8.5.91\webapps\activiti-explorer.war]
19-Oct-2023 16:15:22.085 WARNING [localhost-startStop-1] org.apache.catalina.startup.SetContextPropertiesRule.begin [SetContextPropertiesRule]{Context} Setting property 'antiJARLocking' to 'true' did not find a matching property.
19-Oct-2023 16:15:24.653 INFO [localhost-startStop-1] org.apache.jasper.servlet.TldScanner.scanJars At least one JAR was scanned for TLDs yet contained no TLDs. Enable debug logging for this logger for a complete list of JARs that were scanned but no TLDs were found in them. Skipping unneeded JARs during scanning can improve startup time and JSP compilation time.
19-Oct-2023 16:15:28.431 INFO [localhost-startStop-1] org.apache.catalina.startup.HostConfig.deployWAR Deployment of web application archive [C:\Users\zenbook-14x\Desktop\Backend\project-office-automation\apache-tomcat-8.5.91\webapps\activiti-explorer.war] has finished in [6,354] ms
19-Oct-2023 16:15:28.432 INFO [localhost-startStop-1] org.apache.catalina.startup.HostConfig.deployDirectory Deploying web application directory [C:\Users\zenbook-14x\Desktop\Backend\project-office-automation\apache-tomcat-8.5.91\webapps\docs]
19-Oct-2023 16:15:28.505 INFO [localhost-startStop-1] org.apache.catalina.startup.HostConfig.deployDirectory Deployment of web application directory [C:\Users\zenbook-14x\Desktop\Backend\project-office-automation\apache-tomcat-8.5.91\webapps\docs] has finished in [73] ms
19-Oct-2023 16:15:28.512 INFO [localhost-startStop-1] org.apache.catalina.startup.HostConfig.deployDirectory Deploying web application directory [C:\Users\zenbook-14x\Desktop\Backend\project-office-automation\apache-tomcat-8.5.91\webapps\examples]
19-Oct-2023 16:15:28.989 INFO [localhost-startStop-1] org.apache.catalina.startup.HostConfig.deployDirectory Deployment of web application directory [C:\Users\zenbook-14x\Desktop\Backend\project-office-automation\apache-tomcat-8.5.91\webapps\examples] has finished in [476] ms
19-Oct-2023 16:15:28.989 INFO [localhost-startStop-1] org.apache.catalina.startup.HostConfig.deployDirectory Deploying web application directory [C:\Users\zenbook-14x\Desktop\Backend\project-office-automation\apache-tomcat-8.5.91\webapps\host-manager]
19-Oct-2023 16:15:29.015 INFO [localhost-startStop-1] org.apache.catalina.startup.HostConfig.deployDirectory Deployment of web application directory [C:\Users\zenbook-14x\Desktop\Backend\project-office-automation\apache-tomcat-8.5.91\webapps\host-manager] has finished in [25] ms
19-Oct-2023 16:15:29.015 INFO [localhost-startStop-1] org.apache.catalina.startup.HostConfig.deployDirectory Deploying web application directory [C:\Users\zenbook-14x\Desktop\Backend\project-office-automation\apache-tomcat-8.5.91\webapps\manager]
19-Oct-2023 16:15:29.042 INFO [localhost-startStop-1] org.apache.catalina.startup.HostConfig.deployDirectory Deployment of web application directory [C:\Users\zenbook-14x\Desktop\Backend\project-office-automation\apache-tomcat-8.5.91\webapps\manager] has finished in [27] ms
19-Oct-2023 16:15:29.042 INFO [localhost-startStop-1] org.apache.catalina.startup.HostConfig.deployDirectory Deploying web application directory [C:\Users\zenbook-14x\Desktop\Backend\project-office-automation\apache-tomcat-8.5.91\webapps\ROOT]
19-Oct-2023 16:15:29.066 INFO [localhost-startStop-1] org.apache.catalina.startup.HostConfig.deployDirectory Deployment of web application directory [C:\Users\zenbook-14x\Desktop\Backend\project-office-automation\apache-tomcat-8.5.91\webapps\ROOT] has finished in [24] ms
19-Oct-2023 16:15:29.068 INFO [main] org.apache.coyote.AbstractProtocol.start Starting ProtocolHandler ["http-nio-8080"]
19-Oct-2023 16:15:29.082 INFO [main] org.apache.catalina.startup.Catalina.start Server startup in 7065 ms
