22-Oct-2023 15:17:08.525 INFO [main] org.apache.catalina.startup.VersionLoggerListener.log Server version name:   Apache Tomcat/8.5.91
22-Oct-2023 15:17:08.527 INFO [main] org.apache.catalina.startup.VersionLoggerListener.log Server built:          Jul 6 2023 14:43:48 UTC
22-Oct-2023 15:17:08.527 INFO [main] org.apache.catalina.startup.VersionLoggerListener.log Server version number: 8.5.91.0
22-Oct-2023 15:17:08.527 INFO [main] org.apache.catalina.startup.VersionLoggerListener.log OS Name:               Windows 11
22-Oct-2023 15:17:08.527 INFO [main] org.apache.catalina.startup.VersionLoggerListener.log OS Version:            10.0
22-Oct-2023 15:17:08.527 INFO [main] org.apache.catalina.startup.VersionLoggerListener.log Architecture:          amd64
22-Oct-2023 15:17:08.528 INFO [main] org.apache.catalina.startup.VersionLoggerListener.log Java Home:             C:\Program Files\Java\graalvm-jdk-17.0.8+9.1
22-Oct-2023 15:17:08.528 INFO [main] org.apache.catalina.startup.VersionLoggerListener.log JVM Version:           17.0.8+9-LTS-jvmci-23.0-b14
22-Oct-2023 15:17:08.528 INFO [main] org.apache.catalina.startup.VersionLoggerListener.log JVM Vendor:            Oracle Corporation
22-Oct-2023 15:17:08.528 INFO [main] org.apache.catalina.startup.VersionLoggerListener.log CATALINA_BASE:         C:\Users\zenbook-14x\Desktop\Backend\project-office-automation\apache-tomcat-8.5.91
22-Oct-2023 15:17:08.528 INFO [main] org.apache.catalina.startup.VersionLoggerListener.log CATALINA_HOME:         C:\Users\zenbook-14x\Desktop\Backend\project-office-automation\apache-tomcat-8.5.91
22-Oct-2023 15:17:08.529 INFO [main] org.apache.catalina.startup.VersionLoggerListener.log Command line argument: -XX:ThreadPriorityPolicy=1
22-Oct-2023 15:17:08.529 INFO [main] org.apache.catalina.startup.VersionLoggerListener.log Command line argument: -XX:+UnlockExperimentalVMOptions
22-Oct-2023 15:17:08.529 INFO [main] org.apache.catalina.startup.VersionLoggerListener.log Command line argument: -XX:+EnableJVMCIProduct
22-Oct-2023 15:17:08.529 INFO [main] org.apache.catalina.startup.VersionLoggerListener.log Command line argument: -XX:-UnlockExperimentalVMOptions
22-Oct-2023 15:17:08.529 INFO [main] org.apache.catalina.startup.VersionLoggerListener.log Command line argument: --add-opens=java.base/java.lang=ALL-UNNAMED
22-Oct-2023 15:17:08.529 INFO [main] org.apache.catalina.startup.VersionLoggerListener.log Command line argument: --add-opens=java.base/java.io=ALL-UNNAMED
22-Oct-2023 15:17:08.529 INFO [main] org.apache.catalina.startup.VersionLoggerListener.log Command line argument: --add-opens=java.base/java.util=ALL-UNNAMED
22-Oct-2023 15:17:08.530 INFO [main] org.apache.catalina.startup.VersionLoggerListener.log Command line argument: --add-opens=java.base/java.util.concurrent=ALL-UNNAMED
22-Oct-2023 15:17:08.530 INFO [main] org.apache.catalina.startup.VersionLoggerListener.log Command line argument: --add-opens=java.rmi/sun.rmi.transport=ALL-UNNAMED
22-Oct-2023 15:17:08.531 INFO [main] org.apache.catalina.startup.VersionLoggerListener.log Command line argument: -Djava.util.logging.config.file=C:\Users\zenbook-14x\Desktop\Backend\project-office-automation\apache-tomcat-8.5.91\conf\logging.properties
22-Oct-2023 15:17:08.531 INFO [main] org.apache.catalina.startup.VersionLoggerListener.log Command line argument: -Djava.util.logging.manager=org.apache.juli.ClassLoaderLogManager
22-Oct-2023 15:17:08.531 INFO [main] org.apache.catalina.startup.VersionLoggerListener.log Command line argument: -Djdk.tls.ephemeralDHKeySize=2048
22-Oct-2023 15:17:08.531 INFO [main] org.apache.catalina.startup.VersionLoggerListener.log Command line argument: -Djava.protocol.handler.pkgs=org.apache.catalina.webresources
22-Oct-2023 15:17:08.531 INFO [main] org.apache.catalina.startup.VersionLoggerListener.log Command line argument: -Dignore.endorsed.dirs=
22-Oct-2023 15:17:08.531 INFO [main] org.apache.catalina.startup.VersionLoggerListener.log Command line argument: -Dcatalina.base=C:\Users\zenbook-14x\Desktop\Backend\project-office-automation\apache-tomcat-8.5.91
22-Oct-2023 15:17:08.531 INFO [main] org.apache.catalina.startup.VersionLoggerListener.log Command line argument: -Dcatalina.home=C:\Users\zenbook-14x\Desktop\Backend\project-office-automation\apache-tomcat-8.5.91
22-Oct-2023 15:17:08.531 INFO [main] org.apache.catalina.startup.VersionLoggerListener.log Command line argument: -Djava.io.tmpdir=C:\Users\zenbook-14x\Desktop\Backend\project-office-automation\apache-tomcat-8.5.91\temp
22-Oct-2023 15:17:08.531 INFO [main] org.apache.catalina.core.AprLifecycleListener.lifecycleEvent The Apache Tomcat Native library which allows using OpenSSL was not found on the java.library.path: [C:\Program Files\Java\graalvm-jdk-17.0.8+9.1\bin;C:\Windows\Sun\Java\bin;C:\Windows\system32;C:\Windows;C:\Program Files\Java\graalvm-jdk-17.0.8+9.1\bin;C:\Program Files (x86)\Common Files\Oracle\Java\javapath;C:\Windows\system32;C:\Windows;C:\Windows\System32\Wbem;C:\Windows\System32\WindowsPowerShell\v1.0\;C:\Windows\System32\OpenSSH\;C:\Program Files\Maven\apache-maven-3.8.8\bin;C:\Program Files\dotnet\;C:\Program Files (x86)\Windows Kits\10\Windows Performance Toolkit\;C:\Program Files\Microsoft Visual Studio\2022\Community\VC\Tools\MSVC\14.37.32822\bin\Hostx64\x64;C:\Program Files\PuTTY\;C:\Program Files\nodejs\;C:\Users\zenbook-14x\AppData\Local\Microsoft\WindowsApps;;C:\Users\zenbook-14x\AppData\Local\Programs\Microsoft VS Code\bin;C:\Users\zenbook-14x\.dotnet\tools;C:\Users\zenbook-14x\AppData\Roaming\npm;.]
22-Oct-2023 15:17:08.570 INFO [main] org.apache.coyote.AbstractProtocol.init Initializing ProtocolHandler ["http-nio-8080"]
22-Oct-2023 15:17:08.592 INFO [main] org.apache.catalina.startup.Catalina.load Initialization processed in 422 ms
22-Oct-2023 15:17:08.632 INFO [main] org.apache.catalina.core.StandardService.startInternal Starting service [Catalina]
22-Oct-2023 15:17:08.633 INFO [main] org.apache.catalina.core.StandardEngine.startInternal Starting Servlet engine: [Apache Tomcat/8.5.91]
22-Oct-2023 15:17:08.654 INFO [localhost-startStop-1] org.apache.catalina.startup.HostConfig.deployWAR Deploying web application archive [C:\Users\zenbook-14x\Desktop\Backend\project-office-automation\apache-tomcat-8.5.91\webapps\activiti-explorer.war]
22-Oct-2023 15:17:08.665 WARNING [localhost-startStop-1] org.apache.catalina.startup.SetContextPropertiesRule.begin [SetContextPropertiesRule]{Context} Setting property 'antiJARLocking' to 'true' did not find a matching property.
22-Oct-2023 15:17:11.475 INFO [localhost-startStop-1] org.apache.jasper.servlet.TldScanner.scanJars At least one JAR was scanned for TLDs yet contained no TLDs. Enable debug logging for this logger for a complete list of JARs that were scanned but no TLDs were found in them. Skipping unneeded JARs during scanning can improve startup time and JSP compilation time.
22-Oct-2023 15:17:15.817 INFO [localhost-startStop-1] org.apache.catalina.startup.HostConfig.deployWAR Deployment of web application archive [C:\Users\zenbook-14x\Desktop\Backend\project-office-automation\apache-tomcat-8.5.91\webapps\activiti-explorer.war] has finished in [7,162] ms
22-Oct-2023 15:17:15.819 INFO [localhost-startStop-1] org.apache.catalina.startup.HostConfig.deployDirectory Deploying web application directory [C:\Users\zenbook-14x\Desktop\Backend\project-office-automation\apache-tomcat-8.5.91\webapps\docs]
22-Oct-2023 15:17:15.861 INFO [localhost-startStop-1] org.apache.catalina.startup.HostConfig.deployDirectory Deployment of web application directory [C:\Users\zenbook-14x\Desktop\Backend\project-office-automation\apache-tomcat-8.5.91\webapps\docs] has finished in [41] ms
22-Oct-2023 15:17:15.861 INFO [localhost-startStop-1] org.apache.catalina.startup.HostConfig.deployDirectory Deploying web application directory [C:\Users\zenbook-14x\Desktop\Backend\project-office-automation\apache-tomcat-8.5.91\webapps\examples]
22-Oct-2023 15:17:16.323 INFO [localhost-startStop-1] org.apache.catalina.startup.HostConfig.deployDirectory Deployment of web application directory [C:\Users\zenbook-14x\Desktop\Backend\project-office-automation\apache-tomcat-8.5.91\webapps\examples] has finished in [462] ms
22-Oct-2023 15:17:16.324 INFO [localhost-startStop-1] org.apache.catalina.startup.HostConfig.deployDirectory Deploying web application directory [C:\Users\zenbook-14x\Desktop\Backend\project-office-automation\apache-tomcat-8.5.91\webapps\host-manager]
22-Oct-2023 15:17:16.368 INFO [localhost-startStop-1] org.apache.catalina.startup.HostConfig.deployDirectory Deployment of web application directory [C:\Users\zenbook-14x\Desktop\Backend\project-office-automation\apache-tomcat-8.5.91\webapps\host-manager] has finished in [43] ms
22-Oct-2023 15:17:16.368 INFO [localhost-startStop-1] org.apache.catalina.startup.HostConfig.deployDirectory Deploying web application directory [C:\Users\zenbook-14x\Desktop\Backend\project-office-automation\apache-tomcat-8.5.91\webapps\manager]
22-Oct-2023 15:17:16.399 INFO [localhost-startStop-1] org.apache.catalina.startup.HostConfig.deployDirectory Deployment of web application directory [C:\Users\zenbook-14x\Desktop\Backend\project-office-automation\apache-tomcat-8.5.91\webapps\manager] has finished in [31] ms
22-Oct-2023 15:17:16.406 INFO [localhost-startStop-1] org.apache.catalina.startup.HostConfig.deployDirectory Deploying web application directory [C:\Users\zenbook-14x\Desktop\Backend\project-office-automation\apache-tomcat-8.5.91\webapps\ROOT]
22-Oct-2023 15:17:16.424 INFO [localhost-startStop-1] org.apache.catalina.startup.HostConfig.deployDirectory Deployment of web application directory [C:\Users\zenbook-14x\Desktop\Backend\project-office-automation\apache-tomcat-8.5.91\webapps\ROOT] has finished in [18] ms
22-Oct-2023 15:17:16.426 INFO [main] org.apache.coyote.AbstractProtocol.start Starting ProtocolHandler ["http-nio-8080"]
22-Oct-2023 15:17:16.447 INFO [main] org.apache.catalina.startup.Catalina.start Server startup in 7853 ms
22-Oct-2023 17:12:44.333 INFO [Thread-443] org.apache.coyote.AbstractProtocol.pause Pausing ProtocolHandler ["http-nio-8080"]
22-Oct-2023 17:12:44.356 INFO [Thread-443] org.apache.catalina.core.StandardService.stopInternal Stopping service [Catalina]
22-Oct-2023 17:12:44.707 WARNING [localhost-startStop-2] org.apache.catalina.loader.WebappClassLoaderBase.clearReferencesJdbc The web application [activiti-explorer] registered the JDBC driver [org.h2.Driver] but failed to unregister it when the web application was stopped. To prevent a memory leak, the JDBC Driver has been forcibly unregistered.
22-Oct-2023 17:12:44.707 WARNING [localhost-startStop-2] org.apache.catalina.loader.WebappClassLoaderBase.clearReferencesThreads The web application [activiti-explorer] appears to have started a thread named [Batik CleanerThread] but has failed to stop it. This is very likely to create a memory leak. Stack trace of thread:
 java.base@17.0.8/java.lang.Object.wait(Native Method)
 java.base@17.0.8/java.lang.ref.ReferenceQueue.remove(ReferenceQueue.java:155)
 java.base@17.0.8/java.lang.ref.ReferenceQueue.remove(ReferenceQueue.java:176)
 org.apache.batik.util.CleanerThread.run(CleanerThread.java:106)
22-Oct-2023 17:12:44.707 WARNING [localhost-startStop-2] org.apache.catalina.loader.WebappClassLoaderBase.clearReferencesThreads The web application [activiti-explorer] appears to have started a thread named [H2 Close Delay ACTIVITI] but has failed to stop it. This is very likely to create a memory leak. Stack trace of thread:
 java.base@17.0.8/java.lang.Thread.sleep(Native Method)
 org.h2.engine.DatabaseCloser.run(DatabaseCloser.java:47)
22-Oct-2023 17:12:44.707 INFO [Thread-443] org.apache.coyote.AbstractProtocol.stop Stopping ProtocolHandler ["http-nio-8080"]
22-Oct-2023 17:12:44.723 INFO [Thread-443] org.apache.coyote.AbstractProtocol.destroy Destroying ProtocolHandler ["http-nio-8080"]
